<?xml version="1.0" encoding="UTF-8"?>
<testng-results skipped="0" failed="0" ignored="0" total="1" passed="1">
  <reporter-output>
  </reporter-output>
  <suite name="Default suite" duration-ms="47" started-at="2026-03-22T15:04:12Z" finished-at="2026-03-22T15:04:12Z">
    <groups>
    </groups>
    <test name="Default test" duration-ms="47" started-at="2026-03-22T15:04:12Z" finished-at="2026-03-22T15:04:12Z">
      <class name="org.sample.Gittest">
        <test-method status="PASS" signature="test()[pri:0, instance:org.sample.Gittest@659a969b]" name="test" duration-ms="20" started-at="2026-03-22T20:34:12Z" finished-at="2026-03-22T20:34:12Z">
          <reporter-output>
          </reporter-output>
        </test-method> <!-- test -->
      </class> <!-- org.sample.Gittest -->
    </test> <!-- Default test -->
  </suite> <!-- Default suite -->
</testng-results>
